<html>
<head>
<title>TestNG:  UnitTest</title>
<link href="../testng.css" rel="stylesheet" type="text/css" />
<link href="../my-testng.css" rel="stylesheet" type="text/css" />

<style type="text/css">
.log { display: none;} 
.stack-trace { display: none;} 
</style>
<script type="text/javascript">
<!--
function flip(e) {
  current = e.style.display;
  if (current == 'block') {
    e.style.display = 'none';
    return 0;
  }
  else {
    e.style.display = 'block';
    return 1;
  }
}

function toggleBox(szDivId, elem, msg1, msg2)
{
  var res = -1;  if (document.getElementById) {
    res = flip(document.getElementById(szDivId));
  }
  else if (document.all) {
    // this is the way old msie versions work
    res = flip(document.all[szDivId]);
  }
  if(elem) {
    if(res == 0) elem.innerHTML = msg1; else elem.innerHTML = msg2;
  }

}

function toggleAllBoxes() {
  if (document.getElementsByTagName) {
    d = document.getElementsByTagName('div');
    for (i = 0; i < d.length; i++) {
      if (d[i].className == 'log') {
        flip(d[i]);
      }
    }
  }
}

// -->
</script>

</head>
<body>
<h2 align='center'>UnitTest</h2><table border='1' align="center">
<tr>
<td>Tests passed/Failed/Skipped:</td><td>8/0/0</td>
</tr><tr>
<td>Started on:</td><td>Wed Jan 18 21:31:01 JST 2012</td>
</tr>
<tr><td>Total time:</td><td>0 seconds (412 ms)</td>
</tr><tr>
<td>Included groups:</td><td></td>
</tr><tr>
<td>Excluded groups:</td><td></td>
</tr>
</table><p/>
<small><i>(Hover the method name to see the test class name)</i></small><p/>
<table width='100%' border='1' class='invocation-passed'>
<tr><td colspan='4' align='center'><b>PASSED TESTS</b></td></tr>
<tr><td><b>Test method</b></td>
<td><b>Instance</b></td>
<td width="10%"><b>Time (seconds)</b></td>
<td width="30%"><b>Exception</b></td>
</tr>
<tr>
<td title='net.sqs2.template.TemplateLoaderTest.getDefaultTemplateTest()'><b>getDefaultTemplateTest</b><br>Test class:UnitTest</td>
<td>net.sqs2.template.TemplateLoaderTest@23652209</td><td>0</td>
<td></td>
</tr>
<tr>
<td title='net.sqs2.template.TemplateLoaderTest.getUserCustomizedTemplateTest()'><b>getUserCustomizedTemplateTest</b><br>Test class:UnitTest</td>
<td>net.sqs2.template.TemplateLoaderTest@23652209</td><td>0</td>
<td><div><pre>java.io.FileNotFoundException: Template index.ftl not found.
	at freemarker.template.Configuration.getTemplate(Configuration.java:489)
	at freemarker.template.Configuration.getTemplate(Configuration.java:466)
	at net.sqs2.template.TemplateLoader.getUserCustomizedTemplate(TemplateLoader.java:54)
	at net.sqs2.template.TemplateLoaderTest.getUserCustomizedTemplateTest(TemplateLoaderTest.java:56)
	at org.apache.maven.surefire.testng.TestNGExecutor.run(TestNGExecutor.java:122)
	at org.apache.maven.surefire.testng.TestNGXmlTestSuite.execute(TestNGXmlTestSuite.java:88)
	at org.apache.maven.surefire.testng.TestNGProvider.invoke(TestNGProvider.java:104)
	at org.apache.maven.surefire.booter.ProviderFactory$ClassLoaderProxy.invoke(ProviderFactory.java:103)
	at $Proxy0.invoke(Unknown Source)
	at org.apache.maven.surefire.booter.SurefireStarter.invokeProvider(SurefireStarter.java:150)
	at org.apache.maven.surefire.booter.SurefireStarter.runSuitesInProcess(SurefireStarter.java:91)
	at org.apache.maven.surefire.booter.ForkedBooter.main(ForkedBooter.java:69)
... Removed 24 stack frames</pre></div><a href='#' onClick='toggleBox("stack-trace1424811745", this, "Click to show all stack frames", "Click to hide stack frames")'>Click to show all stack frames</a>
<div class='stack-trace' id='stack-trace1424811745'><pre>java.io.FileNotFoundException: Template index.ftl not found.
	at freemarker.template.Configuration.getTemplate(Configuration.java:489)
	at freemarker.template.Configuration.getTemplate(Configuration.java:466)
	at net.sqs2.template.TemplateLoader.getUserCustomizedTemplate(TemplateLoader.java:54)
	at net.sqs2.template.TemplateLoaderTest.getUserCustomizedTemplateTest(TemplateLoaderTest.java:56)
	at sun.reflect.NativeMethodAccessorImpl.invoke0(Native Method)
	at sun.reflect.NativeMethodAccessorImpl.invoke(NativeMethodAccessorImpl.java:57)
	at sun.reflect.DelegatingMethodAccessorImpl.invoke(DelegatingMethodAccessorImpl.java:43)
	at java.lang.reflect.Method.invoke(Method.java:601)
	at org.testng.internal.MethodHelper.invokeMethod(MethodHelper.java:643)
	at org.testng.internal.Invoker.invokeMethod(Invoker.java:559)
	at org.testng.internal.Invoker.invokeTestMethod(Invoker.java:723)
	at org.testng.internal.Invoker.invokeTestMethods(Invoker.java:1027)
	at org.testng.internal.TestMethodWorker.invokeTestMethods(TestMethodWorker.java:137)
	at org.testng.internal.TestMethodWorker.run(TestMethodWorker.java:121)
	at org.testng.TestRunner.runWorkers(TestRunner.java:1030)
	at org.testng.TestRunner.privateRun(TestRunner.java:709)
	at org.testng.TestRunner.run(TestRunner.java:579)
	at org.testng.SuiteRunner.runTest(SuiteRunner.java:331)
	at org.testng.SuiteRunner.runSequentially(SuiteRunner.java:326)
	at org.testng.SuiteRunner.privateRun(SuiteRunner.java:288)
	at org.testng.SuiteRunner.run(SuiteRunner.java:193)
	at org.testng.TestNG.createAndRunSuiteRunners(TestNG.java:910)
	at org.testng.TestNG.runSuitesLocally(TestNG.java:879)
	at org.testng.TestNG.run(TestNG.java:787)
	at org.apache.maven.surefire.testng.TestNGExecutor.run(TestNGExecutor.java:122)
	at org.apache.maven.surefire.testng.TestNGXmlTestSuite.execute(TestNGXmlTestSuite.java:88)
	at org.apache.maven.surefire.testng.TestNGProvider.invoke(TestNGProvider.java:104)
	at sun.reflect.NativeMethodAccessorImpl.invoke0(Native Method)
	at sun.reflect.NativeMethodAccessorImpl.invoke(NativeMethodAccessorImpl.java:57)
	at sun.reflect.DelegatingMethodAccessorImpl.invoke(DelegatingMethodAccessorImpl.java:43)
	at java.lang.reflect.Method.invoke(Method.java:601)
	at org.apache.maven.surefire.booter.ProviderFactory$ClassLoaderProxy.invoke(ProviderFactory.java:103)
	at $Proxy0.invoke(Unknown Source)
	at org.apache.maven.surefire.booter.SurefireStarter.invokeProvider(SurefireStarter.java:150)
	at org.apache.maven.surefire.booter.SurefireStarter.runSuitesInProcess(SurefireStarter.java:91)
	at org.apache.maven.surefire.booter.ForkedBooter.main(ForkedBooter.java:69)
</pre></div></td>
</tr>
<tr>
<td title='net.sqs2.omr.util.URLSafeRLEBase64Test.testEncodeBasic()'><b>testEncodeBasic</b><br>Test class:UnitTest</td>
<td>net.sqs2.omr.util.URLSafeRLEBase64Test@35ec28b7</td><td>0</td>
<td></td>
</tr>
<tr>
<td title='net.sqs2.omr.util.URLSafeRLEBase64Test.testEncodeByteArray()'><b>testEncodeByteArray</b><br>Test class:UnitTest</td>
<td>net.sqs2.omr.util.URLSafeRLEBase64Test@35ec28b7</td><td>0</td>
<td></td>
</tr>
<tr>
<td title='net.sqs2.omr.util.URLSafeRLEBase64Test.testEncodeIntValue()'><b>testEncodeIntValue</b><br>Test class:UnitTest</td>
<td>net.sqs2.omr.util.URLSafeRLEBase64Test@35ec28b7</td><td>0</td>
<td></td>
</tr>
<tr>
<td title='net.sqs2.omr.util.URLSafeRLEBase64Test.testEncodeSequencialByteArray()'><b>testEncodeSequencialByteArray</b><br>Test class:UnitTest</td>
<td>net.sqs2.omr.util.URLSafeRLEBase64Test@35ec28b7</td><td>0</td>
<td></td>
</tr>
<tr>
<td title='net.sqs2.omr.util.URLSafeRLEBase64Test.testEncodeSequencialString()'><b>testEncodeSequencialString</b><br>Test class:UnitTest</td>
<td>net.sqs2.omr.util.URLSafeRLEBase64Test@35ec28b7</td><td>0</td>
<td></td>
</tr>
<tr>
<td title='net.sqs2.omr.util.JarExtenderTest.testExtend()'><b>testExtend</b><br>Test class:UnitTest</td>
<td>net.sqs2.omr.util.JarExtenderTest@a069435</td><td>0</td>
<td></td>
</tr>
</table><p>
</body>
</html>